Compiling the C compiler identification source file "CMakeCCompilerId.c" failed.
Compiler: /opt/homebrew/bin/arm-none-eabi-gcc 
Build flags: ;-mcpu=cortex-m0plus;-mthumb
Id flags:  

The output was:
1
/opt/homebrew/Cellar/arm-none-eabi-gcc/10.3-2021.07/gcc/bin/../lib/gcc/arm-none-eabi/10.3.1/../../../../arm-none-eabi/bin/ld: /opt/homebrew/Cellar/arm-none-eabi-gcc/10.3-2021.07/gcc/bin/../lib/gcc/arm-none-eabi/10.3.1/../../../../arm-none-eabi/lib/thumb/v6-m/nofp/libc.a(lib_a-exit.o): in function `exit':
exit.c:(.text.exit+0x18): undefined reference to `_exit'
collect2: error: ld returned 1 exit status


Compiling the CXX compiler identification source file "CMakeCXXCompilerId.cpp" failed.
Compiler: /opt/homebrew/bin/arm-none-eabi-g++ 
Build flags: ;-mcpu=cortex-m0plus;-mthumb
Id flags:  

The output was:
1
/opt/homebrew/Cellar/arm-none-eabi-gcc/10.3-2021.07/gcc/bin/../lib/gcc/arm-none-eabi/10.3.1/../../../../arm-none-eabi/bin/ld: /opt/homebrew/Cellar/arm-none-eabi-gcc/10.3-2021.07/gcc/bin/../lib/gcc/arm-none-eabi/10.3.1/../../../../arm-none-eabi/lib/thumb/v6-m/nofp/libc.a(lib_a-exit.o): in function `exit':
exit.c:(.text.exit+0x18): undefined reference to `_exit'
collect2: error: ld returned 1 exit status


Compiling the C compiler identification source file "CMakeCCompilerId.c" failed.
Compiler: /opt/homebrew/bin/arm-none-eabi-gcc 
Build flags: -mcpu=cortex-m0plus;-mthumb
Id flags:  

The output was:
1
/opt/homebrew/Cellar/arm-none-eabi-gcc/10.3-2021.07/gcc/bin/../lib/gcc/arm-none-eabi/10.3.1/../../../../arm-none-eabi/bin/ld: /opt/homebrew/Cellar/arm-none-eabi-gcc/10.3-2021.07/gcc/bin/../lib/gcc/arm-none-eabi/10.3.1/../../../../arm-none-eabi/lib/thumb/v6-m/nofp/libc.a(lib_a-exit.o): in function `exit':
exit.c:(.text.exit+0x18): undefined reference to `_exit'
collect2: error: ld returned 1 exit status


Compiling the CXX compiler identification source file "CMakeCXXCompilerId.cpp" failed.
Compiler: /opt/homebrew/bin/arm-none-eabi-g++ 
Build flags: ;-mcpu=cortex-m0plus;-mthumb
Id flags:  

The output was:
1
/opt/homebrew/Cellar/arm-none-eabi-gcc/10.3-2021.07/gcc/bin/../lib/gcc/arm-none-eabi/10.3.1/../../../../arm-none-eabi/bin/ld: /opt/homebrew/Cellar/arm-none-eabi-gcc/10.3-2021.07/gcc/bin/../lib/gcc/arm-none-eabi/10.3.1/../../../../arm-none-eabi/lib/thumb/v6-m/nofp/libc.a(lib_a-exit.o): in function `exit':
exit.c:(.text.exit+0x18): undefined reference to `_exit'
collect2: error: ld returned 1 exit status


Compiling the C compiler identification source file "CMakeCCompilerId.c" failed.
Compiler: /opt/homebrew/bin/arm-none-eabi-gcc 
Build flags: -mcpu=cortex-m0plus;-mthumb
Id flags:  

The output was:
1
/opt/homebrew/Cellar/arm-none-eabi-gcc/10.3-2021.07/gcc/bin/../lib/gcc/arm-none-eabi/10.3.1/../../../../arm-none-eabi/bin/ld: /opt/homebrew/Cellar/arm-none-eabi-gcc/10.3-2021.07/gcc/bin/../lib/gcc/arm-none-eabi/10.3.1/../../../../arm-none-eabi/lib/thumb/v6-m/nofp/libc.a(lib_a-exit.o): in function `exit':
exit.c:(.text.exit+0x18): undefined reference to `_exit'
collect2: error: ld returned 1 exit status


Compiling the CXX compiler identification source file "CMakeCXXCompilerId.cpp" failed.
Compiler: /opt/homebrew/bin/arm-none-eabi-g++ 
Build flags: ;-mcpu=cortex-m0plus;-mthumb
Id flags:  

The output was:
1
/opt/homebrew/Cellar/arm-none-eabi-gcc/10.3-2021.07/gcc/bin/../lib/gcc/arm-none-eabi/10.3.1/../../../../arm-none-eabi/bin/ld: /opt/homebrew/Cellar/arm-none-eabi-gcc/10.3-2021.07/gcc/bin/../lib/gcc/arm-none-eabi/10.3.1/../../../../arm-none-eabi/lib/thumb/v6-m/nofp/libc.a(lib_a-exit.o): in function `exit':
exit.c:(.text.exit+0x18): undefined reference to `_exit'
collect2: error: ld returned 1 exit status


Compiling the C compiler identification source file "CMakeCCompilerId.c" failed.
Compiler: /opt/homebrew/bin/arm-none-eabi-gcc 
Build flags: -mcpu=cortex-m0plus;-mthumb
Id flags:  

The output was:
1
/opt/homebrew/Cellar/arm-none-eabi-gcc/10.3-2021.07/gcc/bin/../lib/gcc/arm-none-eabi/10.3.1/../../../../arm-none-eabi/bin/ld: /opt/homebrew/Cellar/arm-none-eabi-gcc/10.3-2021.07/gcc/bin/../lib/gcc/arm-none-eabi/10.3.1/../../../../arm-none-eabi/lib/thumb/v6-m/nofp/libc.a(lib_a-exit.o): in function `exit':
exit.c:(.text.exit+0x18): undefined reference to `_exit'
collect2: error: ld returned 1 exit status


Compiling the CXX compiler identification source file "CMakeCXXCompilerId.cpp" failed.
Compiler: /opt/homebrew/bin/arm-none-eabi-g++ 
Build flags: ;-mcpu=cortex-m0plus;-mthumb
Id flags:  

The output was:
1
/opt/homebrew/Cellar/arm-none-eabi-gcc/10.3-2021.07/gcc/bin/../lib/gcc/arm-none-eabi/10.3.1/../../../../arm-none-eabi/bin/ld: /opt/homebrew/Cellar/arm-none-eabi-gcc/10.3-2021.07/gcc/bin/../lib/gcc/arm-none-eabi/10.3.1/../../../../arm-none-eabi/lib/thumb/v6-m/nofp/libc.a(lib_a-exit.o): in function `exit':
exit.c:(.text.exit+0x18): undefined reference to `_exit'
collect2: error: ld returned 1 exit status


Compiling the C compiler identification source file "CMakeCCompilerId.c" failed.
Compiler: /opt/homebrew/bin/arm-none-eabi-gcc 
Build flags: -mcpu=cortex-m0plus;-mthumb
Id flags:  

The output was:
1
/opt/homebrew/Cellar/arm-none-eabi-gcc/10.3-2021.07/gcc/bin/../lib/gcc/arm-none-eabi/10.3.1/../../../../arm-none-eabi/bin/ld: /opt/homebrew/Cellar/arm-none-eabi-gcc/10.3-2021.07/gcc/bin/../lib/gcc/arm-none-eabi/10.3.1/../../../../arm-none-eabi/lib/thumb/v6-m/nofp/libc.a(lib_a-exit.o): in function `exit':
exit.c:(.text.exit+0x18): undefined reference to `_exit'
collect2: error: ld returned 1 exit status


Compiling the CXX compiler identification source file "CMakeCXXCompilerId.cpp" failed.
Compiler: /opt/homebrew/bin/arm-none-eabi-g++ 
Build flags: ;-mcpu=cortex-m0plus;-mthumb
Id flags:  

The output was:
1
/opt/homebrew/Cellar/arm-none-eabi-gcc/10.3-2021.07/gcc/bin/../lib/gcc/arm-none-eabi/10.3.1/../../../../arm-none-eabi/bin/ld: /opt/homebrew/Cellar/arm-none-eabi-gcc/10.3-2021.07/gcc/bin/../lib/gcc/arm-none-eabi/10.3.1/../../../../arm-none-eabi/lib/thumb/v6-m/nofp/libc.a(lib_a-exit.o): in function `exit':
exit.c:(.text.exit+0x18): undefined reference to `_exit'
collect2: error: ld returned 1 exit status


Compiling the C compiler identification source file "CMakeCCompilerId.c" failed.
Compiler: /opt/homebrew/bin/arm-none-eabi-gcc 
Build flags: -mcpu=cortex-m0plus;-mthumb
Id flags:  

The output was:
1
/opt/homebrew/Cellar/arm-none-eabi-gcc/10.3-2021.07/gcc/bin/../lib/gcc/arm-none-eabi/10.3.1/../../../../arm-none-eabi/bin/ld: /opt/homebrew/Cellar/arm-none-eabi-gcc/10.3-2021.07/gcc/bin/../lib/gcc/arm-none-eabi/10.3.1/../../../../arm-none-eabi/lib/thumb/v6-m/nofp/libc.a(lib_a-exit.o): in function `exit':
exit.c:(.text.exit+0x18): undefined reference to `_exit'
collect2: error: ld returned 1 exit status


Compiling the CXX compiler identification source file "CMakeCXXCompilerId.cpp" failed.
Compiler: /opt/homebrew/bin/arm-none-eabi-g++ 
Build flags: ;-mcpu=cortex-m0plus;-mthumb
Id flags:  

The output was:
1
/opt/homebrew/Cellar/arm-none-eabi-gcc/10.3-2021.07/gcc/bin/../lib/gcc/arm-none-eabi/10.3.1/../../../../arm-none-eabi/bin/ld: /opt/homebrew/Cellar/arm-none-eabi-gcc/10.3-2021.07/gcc/bin/../lib/gcc/arm-none-eabi/10.3.1/../../../../arm-none-eabi/lib/thumb/v6-m/nofp/libc.a(lib_a-exit.o): in function `exit':
exit.c:(.text.exit+0x18): undefined reference to `_exit'
collect2: error: ld returned 1 exit status


Compiling the C compiler identification source file "CMakeCCompilerId.c" failed.
Compiler: /opt/homebrew/bin/arm-none-eabi-gcc 
Build flags: -mcpu=cortex-m0plus;-mthumb
Id flags:  

The output was:
1
/opt/homebrew/Cellar/arm-none-eabi-gcc/10.3-2021.07/gcc/bin/../lib/gcc/arm-none-eabi/10.3.1/../../../../arm-none-eabi/bin/ld: /opt/homebrew/Cellar/arm-none-eabi-gcc/10.3-2021.07/gcc/bin/../lib/gcc/arm-none-eabi/10.3.1/../../../../arm-none-eabi/lib/thumb/v6-m/nofp/libc.a(lib_a-exit.o): in function `exit':
exit.c:(.text.exit+0x18): undefined reference to `_exit'
collect2: error: ld returned 1 exit status


Compiling the CXX compiler identification source file "CMakeCXXCompilerId.cpp" failed.
Compiler: /opt/homebrew/bin/arm-none-eabi-g++ 
Build flags: ;-mcpu=cortex-m0plus;-mthumb
Id flags:  

The output was:
1
/opt/homebrew/Cellar/arm-none-eabi-gcc/10.3-2021.07/gcc/bin/../lib/gcc/arm-none-eabi/10.3.1/../../../../arm-none-eabi/bin/ld: /opt/homebrew/Cellar/arm-none-eabi-gcc/10.3-2021.07/gcc/bin/../lib/gcc/arm-none-eabi/10.3.1/../../../../arm-none-eabi/lib/thumb/v6-m/nofp/libc.a(lib_a-exit.o): in function `exit':
exit.c:(.text.exit+0x18): undefined reference to `_exit'
collect2: error: ld returned 1 exit status


Compiling the C compiler identification source file "CMakeCCompilerId.c" failed.
Compiler: /opt/homebrew/bin/arm-none-eabi-gcc 
Build flags: -mcpu=cortex-m0plus;-mthumb
Id flags:  

The output was:
1
/opt/homebrew/Cellar/arm-none-eabi-gcc/10.3-2021.07/gcc/bin/../lib/gcc/arm-none-eabi/10.3.1/../../../../arm-none-eabi/bin/ld: /opt/homebrew/Cellar/arm-none-eabi-gcc/10.3-2021.07/gcc/bin/../lib/gcc/arm-none-eabi/10.3.1/../../../../arm-none-eabi/lib/thumb/v6-m/nofp/libc.a(lib_a-exit.o): in function `exit':
exit.c:(.text.exit+0x18): undefined reference to `_exit'
collect2: error: ld returned 1 exit status


Compiling the CXX compiler identification source file "CMakeCXXCompilerId.cpp" failed.
Compiler: /opt/homebrew/bin/arm-none-eabi-g++ 
Build flags: ;-mcpu=cortex-m0plus;-mthumb
Id flags:  

The output was:
1
/opt/homebrew/Cellar/arm-none-eabi-gcc/10.3-2021.07/gcc/bin/../lib/gcc/arm-none-eabi/10.3.1/../../../../arm-none-eabi/bin/ld: /opt/homebrew/Cellar/arm-none-eabi-gcc/10.3-2021.07/gcc/bin/../lib/gcc/arm-none-eabi/10.3.1/../../../../arm-none-eabi/lib/thumb/v6-m/nofp/libc.a(lib_a-exit.o): in function `exit':
exit.c:(.text.exit+0x18): undefined reference to `_exit'
collect2: error: ld returned 1 exit status


Compiling the C compiler identification source file "CMakeCCompilerId.c" failed.
Compiler: /opt/homebrew/bin/arm-none-eabi-gcc 
Build flags: -mcpu=cortex-m0plus;-mthumb
Id flags:  

The output was:
1
/opt/homebrew/Cellar/arm-none-eabi-gcc/10.3-2021.07/gcc/bin/../lib/gcc/arm-none-eabi/10.3.1/../../../../arm-none-eabi/bin/ld: /opt/homebrew/Cellar/arm-none-eabi-gcc/10.3-2021.07/gcc/bin/../lib/gcc/arm-none-eabi/10.3.1/../../../../arm-none-eabi/lib/thumb/v6-m/nofp/libc.a(lib_a-exit.o): in function `exit':
exit.c:(.text.exit+0x18): undefined reference to `_exit'
collect2: error: ld returned 1 exit status


Compiling the CXX compiler identification source file "CMakeCXXCompilerId.cpp" failed.
Compiler: /opt/homebrew/bin/arm-none-eabi-g++ 
Build flags: ;-mcpu=cortex-m0plus;-mthumb
Id flags:  

The output was:
1
/opt/homebrew/Cellar/arm-none-eabi-gcc/10.3-2021.07/gcc/bin/../lib/gcc/arm-none-eabi/10.3.1/../../../../arm-none-eabi/bin/ld: /opt/homebrew/Cellar/arm-none-eabi-gcc/10.3-2021.07/gcc/bin/../lib/gcc/arm-none-eabi/10.3.1/../../../../arm-none-eabi/lib/thumb/v6-m/nofp/libc.a(lib_a-exit.o): in function `exit':
exit.c:(.text.exit+0x18): undefined reference to `_exit'
collect2: error: ld returned 1 exit status


Compiling the C compiler identification source file "CMakeCCompilerId.c" failed.
Compiler: /opt/homebrew/bin/arm-none-eabi-gcc 
Build flags: -mcpu=cortex-m0plus;-mthumb
Id flags:  

The output was:
1
/opt/homebrew/Cellar/arm-none-eabi-gcc/10.3-2021.07/gcc/bin/../lib/gcc/arm-none-eabi/10.3.1/../../../../arm-none-eabi/bin/ld: /opt/homebrew/Cellar/arm-none-eabi-gcc/10.3-2021.07/gcc/bin/../lib/gcc/arm-none-eabi/10.3.1/../../../../arm-none-eabi/lib/thumb/v6-m/nofp/libc.a(lib_a-exit.o): in function `exit':
exit.c:(.text.exit+0x18): undefined reference to `_exit'
collect2: error: ld returned 1 exit status


Compiling the CXX compiler identification source file "CMakeCXXCompilerId.cpp" failed.
Compiler: /opt/homebrew/bin/arm-none-eabi-g++ 
Build flags: ;-mcpu=cortex-m0plus;-mthumb
Id flags:  

The output was:
1
/opt/homebrew/Cellar/arm-none-eabi-gcc/10.3-2021.07/gcc/bin/../lib/gcc/arm-none-eabi/10.3.1/../../../../arm-none-eabi/bin/ld: /opt/homebrew/Cellar/arm-none-eabi-gcc/10.3-2021.07/gcc/bin/../lib/gcc/arm-none-eabi/10.3.1/../../../../arm-none-eabi/lib/thumb/v6-m/nofp/libc.a(lib_a-exit.o): in function `exit':
exit.c:(.text.exit+0x18): undefined reference to `_exit'
collect2: error: ld returned 1 exit status


Compiling the C compiler identification source file "CMakeCCompilerId.c" failed.
Compiler: /opt/homebrew/bin/arm-none-eabi-gcc 
Build flags: -mcpu=cortex-m0plus;-mthumb
Id flags:  

The output was:
1
/opt/homebrew/Cellar/arm-none-eabi-gcc/10.3-2021.07/gcc/bin/../lib/gcc/arm-none-eabi/10.3.1/../../../../arm-none-eabi/bin/ld: /opt/homebrew/Cellar/arm-none-eabi-gcc/10.3-2021.07/gcc/bin/../lib/gcc/arm-none-eabi/10.3.1/../../../../arm-none-eabi/lib/thumb/v6-m/nofp/libc.a(lib_a-exit.o): in function `exit':
exit.c:(.text.exit+0x18): undefined reference to `_exit'
collect2: error: ld returned 1 exit status


Compiling the CXX compiler identification source file "CMakeCXXCompilerId.cpp" failed.
Compiler: /opt/homebrew/bin/arm-none-eabi-g++ 
Build flags: ;-mcpu=cortex-m0plus;-mthumb
Id flags:  

The output was:
1
/opt/homebrew/Cellar/arm-none-eabi-gcc/10.3-2021.07/gcc/bin/../lib/gcc/arm-none-eabi/10.3.1/../../../../arm-none-eabi/bin/ld: /opt/homebrew/Cellar/arm-none-eabi-gcc/10.3-2021.07/gcc/bin/../lib/gcc/arm-none-eabi/10.3.1/../../../../arm-none-eabi/lib/thumb/v6-m/nofp/libc.a(lib_a-exit.o): in function `exit':
exit.c:(.text.exit+0x18): undefined reference to `_exit'
collect2: error: ld returned 1 exit status


Performing C SOURCE FILE Test CMAKE_HAVE_LIBC_PTHREAD failed with the following output:
Change Dir: /Users/lize/pico/test/build/CMakeFiles/CMakeTmp

Run Build Command(s):/usr/bin/make -f Makefile cmTC_58b09/fast && /Library/Developer/CommandLineTools/usr/bin/make  -f CMakeFiles/cmTC_58b09.dir/build.make CMakeFiles/cmTC_58b09.dir/build
Building C object CMakeFiles/cmTC_58b09.dir/src.c.obj
/opt/homebrew/bin/arm-none-eabi-gcc -DCMAKE_HAVE_LIBC_PTHREAD  -mcpu=cortex-m0plus -mthumb  -std=gnu11 -o CMakeFiles/cmTC_58b09.dir/src.c.obj -c /Users/lize/pico/test/build/CMakeFiles/CMakeTmp/src.c
/Users/lize/pico/test/build/CMakeFiles/CMakeTmp/src.c: In function 'main':
/Users/lize/pico/test/build/CMakeFiles/CMakeTmp/src.c:11:3: warning: implicit declaration of function 'pthread_create' [-Wimplicit-function-declaration]
   11 |   pthread_create(&thread, NULL, test_func, NULL);
      |   ^~~~~~~~~~~~~~
/Users/lize/pico/test/build/CMakeFiles/CMakeTmp/src.c:12:3: warning: implicit declaration of function 'pthread_detach' [-Wimplicit-function-declaration]
   12 |   pthread_detach(thread);
      |   ^~~~~~~~~~~~~~
/Users/lize/pico/test/build/CMakeFiles/CMakeTmp/src.c:13:3: warning: implicit declaration of function 'pthread_cancel' [-Wimplicit-function-declaration]
   13 |   pthread_cancel(thread);
      |   ^~~~~~~~~~~~~~
/Users/lize/pico/test/build/CMakeFiles/CMakeTmp/src.c:14:3: warning: implicit declaration of function 'pthread_join'; did you mean 'pthread_atfork'? [-Wimplicit-function-declaration]
   14 |   pthread_join(thread, NULL);
      |   ^~~~~~~~~~~~
      |   pthread_atfork
/Users/lize/pico/test/build/CMakeFiles/CMakeTmp/src.c:16:3: warning: implicit declaration of function 'pthread_exit' [-Wimplicit-function-declaration]
   16 |   pthread_exit(NULL);
      |   ^~~~~~~~~~~~
Linking C executable cmTC_58b09.elf
/opt/homebrew/Cellar/cmake/3.24.2/bin/cmake -E cmake_link_script CMakeFiles/cmTC_58b09.dir/link.txt --verbose=1
/opt/homebrew/bin/arm-none-eabi-gcc -mcpu=cortex-m0plus -mthumb  -Wl,--build-id=none CMakeFiles/cmTC_58b09.dir/src.c.obj -o cmTC_58b09.elf 
/opt/homebrew/Cellar/arm-none-eabi-gcc/10.3-2021.07/gcc/bin/../lib/gcc/arm-none-eabi/10.3.1/../../../../arm-none-eabi/bin/ld: /opt/homebrew/Cellar/arm-none-eabi-gcc/10.3-2021.07/gcc/bin/../lib/gcc/arm-none-eabi/10.3.1/../../../../arm-none-eabi/lib/thumb/v6-m/nofp/libc.a(lib_a-exit.o): in function `exit':
exit.c:(.text.exit+0x18): undefined reference to `_exit'
/opt/homebrew/Cellar/arm-none-eabi-gcc/10.3-2021.07/gcc/bin/../lib/gcc/arm-none-eabi/10.3.1/../../../../arm-none-eabi/bin/ld: CMakeFiles/cmTC_58b09.dir/src.c.obj: in function `main':
src.c:(.text+0x20): undefined reference to `pthread_create'
/opt/homebrew/Cellar/arm-none-eabi-gcc/10.3-2021.07/gcc/bin/../lib/gcc/arm-none-eabi/10.3.1/../../../../arm-none-eabi/bin/ld: src.c:(.text+0x28): undefined reference to `pthread_detach'
/opt/homebrew/Cellar/arm-none-eabi-gcc/10.3-2021.07/gcc/bin/../lib/gcc/arm-none-eabi/10.3.1/../../../../arm-none-eabi/bin/ld: src.c:(.text+0x30): undefined reference to `pthread_cancel'
/opt/homebrew/Cellar/arm-none-eabi-gcc/10.3-2021.07/gcc/bin/../lib/gcc/arm-none-eabi/10.3.1/../../../../arm-none-eabi/bin/ld: src.c:(.text+0x3a): undefined reference to `pthread_join'
/opt/homebrew/Cellar/arm-none-eabi-gcc/10.3-2021.07/gcc/bin/../lib/gcc/arm-none-eabi/10.3.1/../../../../arm-none-eabi/bin/ld: src.c:(.text+0x44): undefined reference to `pthread_atfork'
/opt/homebrew/Cellar/arm-none-eabi-gcc/10.3-2021.07/gcc/bin/../lib/gcc/arm-none-eabi/10.3.1/../../../../arm-none-eabi/bin/ld: src.c:(.text+0x4a): undefined reference to `pthread_exit'
collect2: error: ld returned 1 exit status
make[1]: *** [cmTC_58b09.elf] Error 1
make: *** [cmTC_58b09/fast] Error 2


Source file was:
#include <pthread.h>

static void* test_func(void* data)
{
  return data;
}

int main(void)
{
  pthread_t thread;
  pthread_create(&thread, NULL, test_func, NULL);
  pthread_detach(thread);
  pthread_cancel(thread);
  pthread_join(thread, NULL);
  pthread_atfork(NULL, NULL, NULL);
  pthread_exit(NULL);

  return 0;
}

Determining if the function pthread_create exists in the pthreads failed with the following output:
Change Dir: /Users/lize/pico/test/build/CMakeFiles/CMakeTmp

Run Build Command(s):/usr/bin/make -f Makefile cmTC_4a121/fast && /Library/Developer/CommandLineTools/usr/bin/make  -f CMakeFiles/cmTC_4a121.dir/build.make CMakeFiles/cmTC_4a121.dir/build
Building C object CMakeFiles/cmTC_4a121.dir/CheckFunctionExists.c.obj
/opt/homebrew/bin/arm-none-eabi-gcc   -mcpu=cortex-m0plus -mthumb -DCHECK_FUNCTION_EXISTS=pthread_create -std=gnu11 -o CMakeFiles/cmTC_4a121.dir/CheckFunctionExists.c.obj -c /opt/homebrew/Cellar/cmake/3.24.2/share/cmake/Modules/CheckFunctionExists.c
Linking C executable cmTC_4a121.elf
/opt/homebrew/Cellar/cmake/3.24.2/bin/cmake -E cmake_link_script CMakeFiles/cmTC_4a121.dir/link.txt --verbose=1
/opt/homebrew/bin/arm-none-eabi-gcc -mcpu=cortex-m0plus -mthumb -DCHECK_FUNCTION_EXISTS=pthread_create -Wl,--build-id=none CMakeFiles/cmTC_4a121.dir/CheckFunctionExists.c.obj -o cmTC_4a121.elf  -lpthreads 
/opt/homebrew/Cellar/arm-none-eabi-gcc/10.3-2021.07/gcc/bin/../lib/gcc/arm-none-eabi/10.3.1/../../../../arm-none-eabi/bin/ld: cannot find -lpthreads
collect2: error: ld returned 1 exit status
make[1]: *** [cmTC_4a121.elf] Error 1
make: *** [cmTC_4a121/fast] Error 2



Determining if the function pthread_create exists in the pthread failed with the following output:
Change Dir: /Users/lize/pico/test/build/CMakeFiles/CMakeTmp

Run Build Command(s):/usr/bin/make -f Makefile cmTC_66506/fast && /Library/Developer/CommandLineTools/usr/bin/make  -f CMakeFiles/cmTC_66506.dir/build.make CMakeFiles/cmTC_66506.dir/build
Building C object CMakeFiles/cmTC_66506.dir/CheckFunctionExists.c.obj
/opt/homebrew/bin/arm-none-eabi-gcc   -mcpu=cortex-m0plus -mthumb -DCHECK_FUNCTION_EXISTS=pthread_create -std=gnu11 -o CMakeFiles/cmTC_66506.dir/CheckFunctionExists.c.obj -c /opt/homebrew/Cellar/cmake/3.24.2/share/cmake/Modules/CheckFunctionExists.c
Linking C executable cmTC_66506.elf
/opt/homebrew/Cellar/cmake/3.24.2/bin/cmake -E cmake_link_script CMakeFiles/cmTC_66506.dir/link.txt --verbose=1
/opt/homebrew/bin/arm-none-eabi-gcc -mcpu=cortex-m0plus -mthumb -DCHECK_FUNCTION_EXISTS=pthread_create -Wl,--build-id=none CMakeFiles/cmTC_66506.dir/CheckFunctionExists.c.obj -o cmTC_66506.elf  -lpthread 
/opt/homebrew/Cellar/arm-none-eabi-gcc/10.3-2021.07/gcc/bin/../lib/gcc/arm-none-eabi/10.3.1/../../../../arm-none-eabi/bin/ld: cannot find -lpthread
collect2: error: ld returned 1 exit status
make[1]: *** [cmTC_66506.elf] Error 1
make: *** [cmTC_66506/fast] Error 2



Determining if compiler accepts -pthread failed with the following output:
Change Dir: /Users/lize/pico/test/build/CMakeFiles/CMakeTmp

Run Build Command(s):/usr/bin/make -f Makefile cmTC_db21e/fast && /Library/Developer/CommandLineTools/usr/bin/make  -f CMakeFiles/cmTC_db21e.dir/build.make CMakeFiles/cmTC_db21e.dir/build
Building C object CMakeFiles/cmTC_db21e.dir/CheckForPthreads.c.obj
/opt/homebrew/bin/arm-none-eabi-gcc   -mcpu=cortex-m0plus -mthumb  -std=gnu11 -o CMakeFiles/cmTC_db21e.dir/CheckForPthreads.c.obj -c /opt/homebrew/Cellar/cmake/3.24.2/share/cmake/Modules/CheckForPthreads.c
/opt/homebrew/Cellar/cmake/3.24.2/share/cmake/Modules/CheckForPthreads.c: In function 'main':
/opt/homebrew/Cellar/cmake/3.24.2/share/cmake/Modules/CheckForPthreads.c:12:3: warning: implicit declaration of function 'pthread_create' [-Wimplicit-function-declaration]
   12 |   pthread_create(&thread, 0, start_routine, 0);
      |   ^~~~~~~~~~~~~~
/opt/homebrew/Cellar/cmake/3.24.2/share/cmake/Modules/CheckForPthreads.c:13:3: warning: implicit declaration of function 'pthread_join'; did you mean 'pthread_atfork'? [-Wimplicit-function-declaration]
   13 |   pthread_join(thread, 0);
      |   ^~~~~~~~~~~~
      |   pthread_atfork
Linking C executable cmTC_db21e.elf
/opt/homebrew/Cellar/cmake/3.24.2/bin/cmake -E cmake_link_script CMakeFiles/cmTC_db21e.dir/link.txt --verbose=1
/opt/homebrew/bin/arm-none-eabi-gcc -mcpu=cortex-m0plus -mthumb  -Wl,--build-id=none CMakeFiles/cmTC_db21e.dir/CheckForPthreads.c.obj -o cmTC_db21e.elf  -pthread 
arm-none-eabi-gcc: error: unrecognized command-line option '-pthread'
make[1]: *** [cmTC_db21e.elf] Error 1
make: *** [cmTC_db21e/fast] Error 2



